2019-12-19 00:00:06.108  INFO 23528 --- [http-nio-8080-exec-6] com.api.controller.RoleController        : Lấy danh sách Role
2019-12-19 00:00:35.306  INFO 23528 --- [http-nio-8080-exec-9] com.api.controller.RoleController        : Lấy danh sách Role
2019-12-19 00:00:48.865  INFO 23528 --- [http-nio-8080-exec-4] com.api.controller.RoleController        : Lấy danh sách Role
2019-12-19 00:01:30.237  INFO 23528 --- [http-nio-8080-exec-10] com.api.controller.RoleController        : Lấy danh sách Role
2019-12-19 00:02:46.040  INFO 23528 --- [http-nio-8080-exec-4] com.api.controller.RoleController        : Lấy danh sách Role
2019-12-19 00:03:43.764  INFO 23528 --- [http-nio-8080-exec-4] com.api.controller.RoleController        : Lấy danh sách Role
2019-12-19 00:06:24.626  INFO 23528 --- [http-nio-8080-exec-10] com.api.controller.AccountController     : Đăng nhập
2019-12-19 00:06:43.166  WARN 23528 --- [http-nio-8080-exec-4] org.hibernate.orm.deprecation            : HHH90000022: Hibernate's legacy org.hibernate.Criteria API is deprecated; use the JPA javax.persistence.criteria.CriteriaQuery instead
2019-12-19 00:07:03.562  WARN 23528 --- [http-nio-8080-exec-6] org.hibernate.orm.deprecation            : HHH90000022: Hibernate's legacy org.hibernate.Criteria API is deprecated; use the JPA javax.persistence.criteria.CriteriaQuery instead
2019-12-19 00:15:08.086  WARN 23528 --- [http-nio-8080-exec-10] org.hibernate.orm.deprecation            : HHH90000022: Hibernate's legacy org.hibernate.Criteria API is deprecated; use the JPA javax.persistence.criteria.CriteriaQuery instead
2019-12-19 00:15:19.158  INFO 23528 --- [http-nio-8080-exec-8] com.api.controller.AccountController     : Đăng nhập
2019-12-19 00:15:21.854  INFO 23528 --- [http-nio-8080-exec-2] com.api.controller.AccountController     : Đăng nhập
2019-12-19 00:15:24.736  WARN 23528 --- [http-nio-8080-exec-10] org.hibernate.orm.deprecation            : HHH90000022: Hibernate's legacy org.hibernate.Criteria API is deprecated; use the JPA javax.persistence.criteria.CriteriaQuery instead
2019-12-19 00:15:31.268  WARN 23528 --- [http-nio-8080-exec-8] org.hibernate.orm.deprecation            : HHH90000022: Hibernate's legacy org.hibernate.Criteria API is deprecated; use the JPA javax.persistence.criteria.CriteriaQuery instead
2019-12-19 00:15:31.270  INFO 23528 --- [http-nio-8080-exec-8] com.api.controller.AccountController     : Lấy danh sách User
2019-12-19 00:15:33.630  INFO 23528 --- [http-nio-8080-exec-2] com.api.controller.RoleController        : Lấy danh sách Role
2019-12-19 00:15:48.232  INFO 23528 --- [http-nio-8080-exec-2] com.api.controller.RoleController        : Lấy danh sách Role
2019-12-19 00:16:41.972  INFO 23528 --- [http-nio-8080-exec-8] com.api.controller.AccountController     : Đăng nhập
2019-12-19 00:16:43.552  WARN 23528 --- [http-nio-8080-exec-6] org.hibernate.orm.deprecation            : HHH90000022: Hibernate's legacy org.hibernate.Criteria API is deprecated; use the JPA javax.persistence.criteria.CriteriaQuery instead
2019-12-19 00:16:46.848  WARN 23528 --- [http-nio-8080-exec-8] org.hibernate.orm.deprecation            : HHH90000022: Hibernate's legacy org.hibernate.Criteria API is deprecated; use the JPA javax.persistence.criteria.CriteriaQuery instead
2019-12-19 00:16:52.557  WARN 23528 --- [http-nio-8080-exec-4] org.hibernate.orm.deprecation            : HHH90000022: Hibernate's legacy org.hibernate.Criteria API is deprecated; use the JPA javax.persistence.criteria.CriteriaQuery instead
2019-12-19 00:16:52.560  INFO 23528 --- [http-nio-8080-exec-4] com.api.controller.AccountController     : Lấy danh sách User
2019-12-19 00:16:54.508  INFO 23528 --- [http-nio-8080-exec-6] com.api.controller.RoleController        : Lấy danh sách Role
2019-12-19 00:29:41.001  INFO 23528 --- [http-nio-8080-exec-8] com.api.controller.AccountController     : Đăng nhập
2019-12-19 00:29:48.125  WARN 23528 --- [http-nio-8080-exec-6] org.hibernate.orm.deprecation            : HHH90000022: Hibernate's legacy org.hibernate.Criteria API is deprecated; use the JPA javax.persistence.criteria.CriteriaQuery instead
2019-12-19 00:29:54.271  WARN 23528 --- [http-nio-8080-exec-8] org.hibernate.orm.deprecation            : HHH90000022: Hibernate's legacy org.hibernate.Criteria API is deprecated; use the JPA javax.persistence.criteria.CriteriaQuery instead
2019-12-19 00:30:09.822  WARN 23528 --- [http-nio-8080-exec-6] org.hibernate.orm.deprecation            : HHH90000022: Hibernate's legacy org.hibernate.Criteria API is deprecated; use the JPA javax.persistence.criteria.CriteriaQuery instead
2019-12-19 00:30:09.824  INFO 23528 --- [http-nio-8080-exec-6] com.api.controller.AccountController     : Lấy danh sách User
2019-12-19 00:30:12.109  WARN 23528 --- [http-nio-8080-exec-10] org.hibernate.orm.deprecation            : HHH90000022: Hibernate's legacy org.hibernate.Criteria API is deprecated; use the JPA javax.persistence.criteria.CriteriaQuery instead
2019-12-19 00:30:36.594  WARN 23528 --- [http-nio-8080-exec-2] org.hibernate.orm.deprecation            : HHH90000022: Hibernate's legacy org.hibernate.Criteria API is deprecated; use the JPA javax.persistence.criteria.CriteriaQuery instead
2019-12-19 00:33:48.802  INFO 23528 --- [http-nio-8080-exec-8] com.api.controller.AccountController     : Đăng nhập
2019-12-19 00:34:02.392  WARN 23528 --- [http-nio-8080-exec-10] org.hibernate.orm.deprecation            : HHH90000022: Hibernate's legacy org.hibernate.Criteria API is deprecated; use the JPA javax.persistence.criteria.CriteriaQuery instead
2019-12-19 00:34:10.937  WARN 23528 --- [http-nio-8080-exec-2] org.hibernate.orm.deprecation            : HHH90000022: Hibernate's legacy org.hibernate.Criteria API is deprecated; use the JPA javax.persistence.criteria.CriteriaQuery instead
2019-12-19 00:38:12.691  WARN 23528 --- [http-nio-8080-exec-2] o.h.engine.jdbc.spi.SqlExceptionHelper   : SQL Error: 1406, SQLState: 22001
2019-12-19 00:38:12.691 ERROR 23528 --- [http-nio-8080-exec-2] o.h.engine.jdbc.spi.SqlExceptionHelper   : Data truncation: Data too long for column 'DiaChi' at row 1
2019-12-19 00:38:12.721  INFO 23528 --- [http-nio-8080-exec-2] o.h.e.j.b.internal.AbstractBatchImpl     : HHH000010: On release of batch it still contained JDBC statements
2019-12-19 00:38:12.807 ERROR 23528 --- [http-nio-8080-exec-2] o.h.i.ExceptionMapperStandardImpl        : HHH000346: Error during managed flush [org.hibernate.exception.DataException: could not execute statement]
2019-12-19 00:39:52.536  INFO 23528 --- [RMI TCP Connection(246)-127.0.0.1] inMXBeanRegistrar$SpringApplicationAdmin : Application shutdown requested.
2019-12-19 00:39:53.326  INFO 23528 --- [RMI TCP Connection(246)-127.0.0.1] o.s.s.concurrent.ThreadPoolTaskExecutor  : Shutting down ExecutorService 'applicationTaskExecutor'
